<?xml version="1.0" encoding="UTF-8"?>
<testng-results skipped="0" failed="0" ignored="0" total="1" passed="1">
  <reporter-output>
  </reporter-output>
  <suite name="Default suite" duration-ms="14906" started-at="2019-11-20T07:02:27Z" finished-at="2019-11-20T07:02:42Z">
    <groups>
    </groups>
    <test name="Default test" duration-ms="14906" started-at="2019-11-20T07:02:27Z" finished-at="2019-11-20T07:02:42Z">
      <class name="POMpageobjectmodel.pageclasswithtestfac">
        <test-method status="PASS" signature="f()[pri:0, instance:POMpageobjectmodel.pageclasswithtestfac@5e5792a0]" name="f" duration-ms="14885" started-at="2019-11-20T07:02:27Z" finished-at="2019-11-20T07:02:42Z">
          <reporter-output>
          </reporter-output>
        </test-method> <!-- f -->
      </class> <!-- POMpageobjectmodel.pageclasswithtestfac -->
    </test> <!-- Default test -->
  </suite> <!-- Default suite -->
</testng-results>
